e:\dodengine\dodengine\x64\debug\vc142.pdb
e:\dodengine\dodengine\x64\debug\vc142.idb
e:\dodengine\dodengine\x64\debug\shader.obj
e:\dodengine\dodengine\x64\debug\main.obj
e:\dodengine\dodengine\x64\debug\button.obj
e:\dodengine\dodengine\x64\debug\vertex.obj
e:\dodengine\dodengine\x64\debug\idrawable.obj
e:\dodengine\dodengine\x64\debug\hex.obj
e:\dodengine\dodengine\x64\debug\buttonhelper.obj
e:\dodengine\dodengine\x64\debug\field.obj
e:\dodengine\dodengine\x64\debug\color.obj
e:\dodengine\dodengine\x64\debug\primitivefigure.obj
e:\dodengine\dodengine\x64\debug\idsumember.obj
e:\dodengine\dodengine\x64\debug\texthelper.obj
e:\dodengine\dodengine\x64\debug\gameloop.obj
e:\dodengine\dodengine\x64\debug\glad.obj
e:\dodengine\dodengine\x64\debug\colorselection.obj
e:\dodengine\dodengine\x64\debug\player.obj
e:\dodengine\dodengine\x64\debug\resetgamebutton.obj
e:\dodengine\dodengine\x64\debug\renderer.obj
e:\dodengine\dodengine\x64\debug\iclickable.obj
e:\dodengine\dodengine\x64\debug\callbackmanager.obj
e:\dodengine\x64\debug\dodengine.exe
e:\dodengine\x64\debug\dodengine.ilk
e:\dodengine\x64\debug\dodengine.pdb
e:\dodengine\dodengine\x64\debug\field.new.obj.enc
e:\dodengine\dodengine\x64\debug\dodengine.tlog\cl.command.1.tlog
e:\dodengine\dodengine\x64\debug\dodengine.tlog\cl.read.1.tlog
e:\dodengine\dodengine\x64\debug\dodengine.tlog\cl.write.1.tlog
e:\dodengine\dodengine\x64\debug\dodengine.tlog\link.command.1.tlog
e:\dodengine\dodengine\x64\debug\dodengine.tlog\link.read.1.tlog
e:\dodengine\dodengine\x64\debug\dodengine.tlog\link.write.1.tlog
